<?xml version="1.0" encoding="UTF-8"?>
<coverage generated="1535591826599" clover="3.2.0">
  <project timestamp="1535591826600" name="All files">
    <metrics statements="7" coveredstatements="5" conditionals="2" coveredconditionals="0" methods="2" coveredmethods="1" elements="11" coveredelements="6" complexity="0" loc="7" ncloc="7" packages="1" files="1" classes="1">
      <file name="index.js" path="C:\Users\Sony\Desktop\Laboratoria\cdmx-2018-01-FE-markdown\index.js">
        <metrics statements="7" coveredstatements="5" conditionals="2" coveredconditionals="0" methods="2" coveredmethods="1"/>
        <line num="2" count="1" type="stmt"/>
        <line num="7" count="1" type="stmt"/>
        <line num="8" count="0" type="cond" truecount="0" falsecount="2"/>
        <line num="9" count="0" type="stmt"/>
        <line num="15" count="1" type="stmt"/>
        <line num="16" count="1" type="stmt"/>
        <line num="19" count="1" type="stmt"/>
      </file>
    </metrics>
  </project>
</coverage>
