TN:
SF:C:\Users\Sony\Desktop\Laboratoria\cdmx-2018-01-FE-markdown\index.js
FN:6,(anonymous_0)
FN:8,(anonymous_1)
FN:16,(anonymous_2)
FN:38,(anonymous_3)
FN:39,(anonymous_4)
FN:48,(anonymous_5)
FNF:6
FNH:1
FNDA:1,(anonymous_0)
FNDA:0,(anonymous_1)
FNDA:0,(anonymous_2)
FNDA:0,(anonymous_3)
FNDA:0,(anonymous_4)
FNDA:0,(anonymous_5)
DA:2,1
DA:3,1
DA:4,1
DA:6,1
DA:7,1
DA:8,0
DA:9,0
DA:10,0
DA:13,0
DA:15,0
DA:16,0
DA:18,0
DA:19,0
DA:20,0
DA:22,0
DA:27,0
DA:28,0
DA:30,0
DA:31,0
DA:38,1
DA:39,0
DA:40,0
DA:41,0
DA:48,1
DA:49,0
DA:50,0
DA:51,0
DA:52,0
DA:53,0
DA:54,0
DA:66,1
LF:31
LH:8
BRDA:9,0,0,0
BRDA:9,0,1,0
BRDA:53,1,0,0
BRDA:53,1,1,0
BRDA:53,2,0,0
BRDA:53,2,1,0
BRDA:53,2,2,0
BRF:7
BRH:0
end_of_record
