TN:
SF:C:\Users\Sony\Desktop\Laboratoria\cdmx-2018-01-FE-markdown\index.js
FN:7,(anonymous_0)
FN:17,(anonymous_1)
FN:34,(anonymous_2)
FN:42,(anonymous_3)
FNF:4
FNH:1
FNDA:0,(anonymous_0)
FNDA:0,(anonymous_1)
FNDA:0,(anonymous_2)
FNDA:1,(anonymous_3)
DA:4,1
DA:5,1
DA:7,1
DA:8,0
DA:9,0
DA:11,0
DA:12,0
DA:13,0
DA:16,0
DA:17,0
DA:18,0
DA:20,0
DA:21,0
DA:32,1
DA:34,1
DA:35,0
DA:36,0
DA:37,0
DA:38,0
DA:42,1
DA:43,1
DA:46,1
LF:22
LH:8
BRDA:8,0,0,0
BRDA:8,0,1,0
BRDA:21,1,0,0
BRDA:21,1,1,0
BRDA:36,2,0,0
BRDA:36,2,1,0
BRF:6
BRH:0
end_of_record
